2017-05-03 23:15:32,967 [Worker-0] INFO  o.e.m.c.i.l.LifecycleMappingFactory - Using org.eclipse.m2e.jdt.JarLifecycleMapping lifecycle mapping for MavenProject: weather:weather-application:0.0.1-SNAPSHOT @ C:\workspace\weather-application\pom.xml.
2017-05-03 23:15:34,249 [Worker-0] INFO  o.e.m.j.i.AbstractJavaProjectConfigurator - Adding source folder /weather-application/src/main/java
2017-05-03 23:15:34,250 [Worker-0] INFO  o.e.m.j.i.AbstractJavaProjectConfigurator - Adding resource folder /weather-application/src/main/resources
2017-05-03 23:15:34,257 [Worker-0] INFO  o.e.m.j.i.AbstractJavaProjectConfigurator - Adding resource folder /weather-application/src/main/resources
2017-05-03 23:15:34,258 [Worker-0] INFO  o.e.m.j.i.AbstractJavaProjectConfigurator - Adding source folder /weather-application/src/test/java
2017-05-03 23:15:34,507 [Worker-0] INFO  o.e.m.c.i.p.ProjectConfigurationManager - Imported and configured 1 project(s) in 2 sec
2017-05-03 23:15:35,827 [Worker-6] INFO  o.e.m.c.i.embedder.EclipseLogger - Using 'UTF-8' encoding to copy filtered resources.
2017-05-03 23:15:35,830 [Worker-6] INFO  o.e.m.c.i.embedder.EclipseLogger - Copying 1 resource
2017-05-03 23:15:35,872 [Worker-6] INFO  o.e.m.c.i.embedder.EclipseLogger - Copying 3 resources
2017-05-03 23:15:35,891 [Worker-6] INFO  o.e.m.c.i.embedder.EclipseLogger - Using 'UTF-8' encoding to copy filtered resources.
2017-05-03 23:15:35,891 [Worker-6] INFO  o.e.m.c.i.embedder.EclipseLogger - skip non existing resourceDirectory C:\workspace\weather-application\src\test\resources
2017-05-03 23:15:37,851 [Worker-17] INFO  o.e.m.c.i.embedder.EclipseLogger - Using 'UTF-8' encoding to copy filtered resources.
2017-05-03 23:15:37,852 [Worker-17] INFO  o.e.m.c.i.embedder.EclipseLogger - Copying 0 resource
2017-05-03 23:15:37,853 [Worker-17] INFO  o.e.m.c.i.embedder.EclipseLogger - Copying 0 resource
2017-05-03 23:15:37,854 [Worker-17] INFO  o.e.m.c.i.embedder.EclipseLogger - Using 'UTF-8' encoding to copy filtered resources.
2017-05-03 23:15:37,854 [Worker-17] INFO  o.e.m.c.i.embedder.EclipseLogger - skip non existing resourceDirectory C:\workspace\weather-application\src\test\resources
2017-05-03 23:31:23,771 [Worker-29] INFO  o.e.m.c.i.embedder.EclipseLogger - Using 'UTF-8' encoding to copy filtered resources.
2017-05-03 23:31:23,774 [Worker-29] INFO  o.e.m.c.i.embedder.EclipseLogger - Copying 1 resource
2017-05-03 23:31:23,778 [Worker-29] INFO  o.e.m.c.i.embedder.EclipseLogger - Copying 3 resources
2017-05-03 23:31:23,782 [Worker-29] INFO  o.e.m.c.i.embedder.EclipseLogger - Using 'UTF-8' encoding to copy filtered resources.
2017-05-03 23:31:23,785 [Worker-29] INFO  o.e.m.c.i.embedder.EclipseLogger - skip non existing resourceDirectory C:\workspace\weather-application\src\test\resources
2017-05-03 23:52:04,263 [Worker-42] INFO  o.e.m.c.i.embedder.EclipseLogger - Using 'UTF-8' encoding to copy filtered resources.
2017-05-03 23:52:04,266 [Worker-42] INFO  o.e.m.c.i.embedder.EclipseLogger - Copying 1 resource
2017-05-03 23:52:04,271 [Worker-42] INFO  o.e.m.c.i.embedder.EclipseLogger - Copying 3 resources
2017-05-03 23:52:04,274 [Worker-42] INFO  o.e.m.c.i.embedder.EclipseLogger - Using 'UTF-8' encoding to copy filtered resources.
2017-05-03 23:52:04,275 [Worker-42] INFO  o.e.m.c.i.embedder.EclipseLogger - skip non existing resourceDirectory C:\workspace\weather-application\src\test\resources
2017-05-03 23:52:57,959 [Worker-36] INFO  o.e.m.c.i.embedder.EclipseLogger - Using 'UTF-8' encoding to copy filtered resources.
2017-05-03 23:52:57,960 [Worker-36] INFO  o.e.m.c.i.embedder.EclipseLogger - Copying 1 resource
2017-05-03 23:52:57,964 [Worker-36] INFO  o.e.m.c.i.embedder.EclipseLogger - Copying 3 resources
2017-05-03 23:52:57,969 [Worker-36] INFO  o.e.m.c.i.embedder.EclipseLogger - Using 'UTF-8' encoding to copy filtered resources.
2017-05-03 23:52:57,970 [Worker-36] INFO  o.e.m.c.i.embedder.EclipseLogger - skip non existing resourceDirectory C:\workspace\weather-application\src\test\resources
2017-05-04 00:02:44,778 [Worker-41] INFO  o.e.m.c.i.embedder.EclipseLogger - Using 'UTF-8' encoding to copy filtered resources.
2017-05-04 00:02:44,782 [Worker-41] INFO  o.e.m.c.i.embedder.EclipseLogger - Copying 1 resource
2017-05-04 00:02:44,788 [Worker-41] INFO  o.e.m.c.i.embedder.EclipseLogger - Copying 3 resources
2017-05-04 00:02:44,793 [Worker-41] INFO  o.e.m.c.i.embedder.EclipseLogger - Using 'UTF-8' encoding to copy filtered resources.
2017-05-04 00:02:44,794 [Worker-41] INFO  o.e.m.c.i.embedder.EclipseLogger - skip non existing resourceDirectory C:\workspace\weather-application\src\test\resources
2017-05-04 00:05:16,407 [Worker-41] INFO  o.e.m.c.i.embedder.EclipseLogger - Using 'UTF-8' encoding to copy filtered resources.
2017-05-04 00:05:16,409 [Worker-41] INFO  o.e.m.c.i.embedder.EclipseLogger - Copying 1 resource
2017-05-04 00:05:16,413 [Worker-41] INFO  o.e.m.c.i.embedder.EclipseLogger - Copying 3 resources
2017-05-04 00:05:16,417 [Worker-41] INFO  o.e.m.c.i.embedder.EclipseLogger - Using 'UTF-8' encoding to copy filtered resources.
2017-05-04 00:05:16,419 [Worker-41] INFO  o.e.m.c.i.embedder.EclipseLogger - skip non existing resourceDirectory C:\workspace\weather-application\src\test\resources
2017-05-04 00:05:37,997 [Worker-47] INFO  o.e.m.c.i.embedder.EclipseLogger - Using 'UTF-8' encoding to copy filtered resources.
2017-05-04 00:05:38,000 [Worker-47] INFO  o.e.m.c.i.embedder.EclipseLogger - Copying 1 resource
2017-05-04 00:05:38,004 [Worker-47] INFO  o.e.m.c.i.embedder.EclipseLogger - Copying 3 resources
2017-05-04 00:05:38,008 [Worker-47] INFO  o.e.m.c.i.embedder.EclipseLogger - Using 'UTF-8' encoding to copy filtered resources.
2017-05-04 00:05:38,008 [Worker-47] INFO  o.e.m.c.i.embedder.EclipseLogger - skip non existing resourceDirectory C:\workspace\weather-application\src\test\resources
2017-05-04 00:07:11,917 [Worker-49] INFO  o.e.m.c.i.embedder.EclipseLogger - Using 'UTF-8' encoding to copy filtered resources.
2017-05-04 00:07:11,919 [Worker-49] INFO  o.e.m.c.i.embedder.EclipseLogger - Copying 1 resource
2017-05-04 00:07:11,924 [Worker-49] INFO  o.e.m.c.i.embedder.EclipseLogger - Copying 3 resources
2017-05-04 00:07:11,928 [Worker-49] INFO  o.e.m.c.i.embedder.EclipseLogger - Using 'UTF-8' encoding to copy filtered resources.
2017-05-04 00:07:11,929 [Worker-49] INFO  o.e.m.c.i.embedder.EclipseLogger - skip non existing resourceDirectory C:\workspace\weather-application\src\test\resources
2017-05-04 00:10:26,312 [Worker-50] INFO  o.e.m.c.i.embedder.EclipseLogger - Using 'UTF-8' encoding to copy filtered resources.
2017-05-04 00:10:26,315 [Worker-50] INFO  o.e.m.c.i.embedder.EclipseLogger - Copying 1 resource
2017-05-04 00:10:26,319 [Worker-50] INFO  o.e.m.c.i.embedder.EclipseLogger - Copying 3 resources
2017-05-04 00:10:26,322 [Worker-50] INFO  o.e.m.c.i.embedder.EclipseLogger - Using 'UTF-8' encoding to copy filtered resources.
2017-05-04 00:10:26,323 [Worker-50] INFO  o.e.m.c.i.embedder.EclipseLogger - skip non existing resourceDirectory C:\workspace\weather-application\src\test\resources
2017-05-04 00:11:20,831 [Worker-50] INFO  o.e.m.c.i.embedder.EclipseLogger - Using 'UTF-8' encoding to copy filtered resources.
2017-05-04 00:11:20,832 [Worker-50] INFO  o.e.m.c.i.embedder.EclipseLogger - Copying 1 resource
2017-05-04 00:11:20,836 [Worker-50] INFO  o.e.m.c.i.embedder.EclipseLogger - Copying 3 resources
2017-05-04 00:11:20,840 [Worker-50] INFO  o.e.m.c.i.embedder.EclipseLogger - Using 'UTF-8' encoding to copy filtered resources.
2017-05-04 00:11:20,840 [Worker-50] INFO  o.e.m.c.i.embedder.EclipseLogger - skip non existing resourceDirectory C:\workspace\weather-application\src\test\resources
2017-05-04 00:12:28,849 [Worker-49] INFO  o.e.m.c.i.embedder.EclipseLogger - Using 'UTF-8' encoding to copy filtered resources.
2017-05-04 00:12:28,850 [Worker-49] INFO  o.e.m.c.i.embedder.EclipseLogger - Copying 1 resource
2017-05-04 00:12:28,853 [Worker-49] INFO  o.e.m.c.i.embedder.EclipseLogger - Copying 3 resources
2017-05-04 00:12:28,857 [Worker-49] INFO  o.e.m.c.i.embedder.EclipseLogger - Using 'UTF-8' encoding to copy filtered resources.
2017-05-04 00:12:28,857 [Worker-49] INFO  o.e.m.c.i.embedder.EclipseLogger - skip non existing resourceDirectory C:\workspace\weather-application\src\test\resources
2017-05-04 00:13:18,644 [Worker-51] INFO  o.e.m.c.i.embedder.EclipseLogger - Using 'UTF-8' encoding to copy filtered resources.
2017-05-04 00:13:18,646 [Worker-51] INFO  o.e.m.c.i.embedder.EclipseLogger - Copying 1 resource
2017-05-04 00:13:18,650 [Worker-51] INFO  o.e.m.c.i.embedder.EclipseLogger - Copying 3 resources
2017-05-04 00:13:18,654 [Worker-51] INFO  o.e.m.c.i.embedder.EclipseLogger - Using 'UTF-8' encoding to copy filtered resources.
2017-05-04 00:13:18,656 [Worker-51] INFO  o.e.m.c.i.embedder.EclipseLogger - skip non existing resourceDirectory C:\workspace\weather-application\src\test\resources
2017-05-04 00:13:59,786 [Worker-49] INFO  o.e.m.c.i.embedder.EclipseLogger - Using 'UTF-8' encoding to copy filtered resources.
2017-05-04 00:13:59,789 [Worker-49] INFO  o.e.m.c.i.embedder.EclipseLogger - Copying 1 resource
2017-05-04 00:13:59,793 [Worker-49] INFO  o.e.m.c.i.embedder.EclipseLogger - Copying 3 resources
2017-05-04 00:13:59,797 [Worker-49] INFO  o.e.m.c.i.embedder.EclipseLogger - Using 'UTF-8' encoding to copy filtered resources.
2017-05-04 00:13:59,797 [Worker-49] INFO  o.e.m.c.i.embedder.EclipseLogger - skip non existing resourceDirectory C:\workspace\weather-application\src\test\resources
2017-05-04 00:15:27,637 [Worker-45] INFO  o.e.m.c.i.embedder.EclipseLogger - Using 'UTF-8' encoding to copy filtered resources.
2017-05-04 00:15:27,638 [Worker-45] INFO  o.e.m.c.i.embedder.EclipseLogger - Copying 1 resource
2017-05-04 00:15:27,641 [Worker-45] INFO  o.e.m.c.i.embedder.EclipseLogger - Copying 3 resources
2017-05-04 00:15:27,644 [Worker-45] INFO  o.e.m.c.i.embedder.EclipseLogger - Using 'UTF-8' encoding to copy filtered resources.
2017-05-04 00:15:27,645 [Worker-45] INFO  o.e.m.c.i.embedder.EclipseLogger - skip non existing resourceDirectory C:\workspace\weather-application\src\test\resources
2017-05-04 00:22:14,325 [Worker-51] INFO  o.e.m.c.i.embedder.EclipseLogger - Using 'UTF-8' encoding to copy filtered resources.
2017-05-04 00:22:14,328 [Worker-51] INFO  o.e.m.c.i.embedder.EclipseLogger - Copying 1 resource
2017-05-04 00:22:14,333 [Worker-51] INFO  o.e.m.c.i.embedder.EclipseLogger - Copying 3 resources
2017-05-04 00:22:14,337 [Worker-51] INFO  o.e.m.c.i.embedder.EclipseLogger - Using 'UTF-8' encoding to copy filtered resources.
2017-05-04 00:22:14,337 [Worker-51] INFO  o.e.m.c.i.embedder.EclipseLogger - skip non existing resourceDirectory C:\workspace\weather-application\src\test\resources
2017-05-04 00:23:23,931 [Worker-53] INFO  o.e.m.c.i.embedder.EclipseLogger - Using 'UTF-8' encoding to copy filtered resources.
2017-05-04 00:23:23,933 [Worker-53] INFO  o.e.m.c.i.embedder.EclipseLogger - Copying 1 resource
2017-05-04 00:23:23,938 [Worker-53] INFO  o.e.m.c.i.embedder.EclipseLogger - Copying 3 resources
2017-05-04 00:23:23,941 [Worker-53] INFO  o.e.m.c.i.embedder.EclipseLogger - Using 'UTF-8' encoding to copy filtered resources.
2017-05-04 00:23:23,943 [Worker-53] INFO  o.e.m.c.i.embedder.EclipseLogger - skip non existing resourceDirectory C:\workspace\weather-application\src\test\resources
2017-05-04 00:25:05,936 [Worker-54] INFO  o.e.m.c.i.embedder.EclipseLogger - Using 'UTF-8' encoding to copy filtered resources.
2017-05-04 00:25:05,939 [Worker-54] INFO  o.e.m.c.i.embedder.EclipseLogger - Copying 1 resource
2017-05-04 00:25:05,943 [Worker-54] INFO  o.e.m.c.i.embedder.EclipseLogger - Copying 3 resources
2017-05-04 00:25:05,946 [Worker-54] INFO  o.e.m.c.i.embedder.EclipseLogger - Using 'UTF-8' encoding to copy filtered resources.
2017-05-04 00:25:05,946 [Worker-54] INFO  o.e.m.c.i.embedder.EclipseLogger - skip non existing resourceDirectory C:\workspace\weather-application\src\test\resources
2017-05-04 00:27:03,637 [Worker-55] INFO  o.e.m.c.i.embedder.EclipseLogger - Using 'UTF-8' encoding to copy filtered resources.
2017-05-04 00:27:03,638 [Worker-55] INFO  o.e.m.c.i.embedder.EclipseLogger - Copying 1 resource
2017-05-04 00:27:03,641 [Worker-55] INFO  o.e.m.c.i.embedder.EclipseLogger - Copying 3 resources
2017-05-04 00:27:03,644 [Worker-55] INFO  o.e.m.c.i.embedder.EclipseLogger - Using 'UTF-8' encoding to copy filtered resources.
2017-05-04 00:27:03,644 [Worker-55] INFO  o.e.m.c.i.embedder.EclipseLogger - skip non existing resourceDirectory C:\workspace\weather-application\src\test\resources
2017-05-04 00:27:22,358 [Worker-55] INFO  o.e.m.c.i.embedder.EclipseLogger - Using 'UTF-8' encoding to copy filtered resources.
2017-05-04 00:27:22,360 [Worker-55] INFO  o.e.m.c.i.embedder.EclipseLogger - Copying 1 resource
2017-05-04 00:27:22,363 [Worker-55] INFO  o.e.m.c.i.embedder.EclipseLogger - Copying 3 resources
2017-05-04 00:27:22,367 [Worker-55] INFO  o.e.m.c.i.embedder.EclipseLogger - Using 'UTF-8' encoding to copy filtered resources.
2017-05-04 00:27:22,367 [Worker-55] INFO  o.e.m.c.i.embedder.EclipseLogger - skip non existing resourceDirectory C:\workspace\weather-application\src\test\resources
2017-05-04 00:27:48,519 [Worker-52] INFO  o.e.m.c.i.embedder.EclipseLogger - Using 'UTF-8' encoding to copy filtered resources.
2017-05-04 00:27:48,520 [Worker-52] INFO  o.e.m.c.i.embedder.EclipseLogger - Copying 1 resource
2017-05-04 00:27:48,524 [Worker-52] INFO  o.e.m.c.i.embedder.EclipseLogger - Copying 3 resources
2017-05-04 00:27:48,528 [Worker-52] INFO  o.e.m.c.i.embedder.EclipseLogger - Using 'UTF-8' encoding to copy filtered resources.
2017-05-04 00:27:48,530 [Worker-52] INFO  o.e.m.c.i.embedder.EclipseLogger - skip non existing resourceDirectory C:\workspace\weather-application\src\test\resources
2017-05-04 00:28:24,900 [Worker-52] INFO  o.e.m.c.i.embedder.EclipseLogger - Using 'UTF-8' encoding to copy filtered resources.
2017-05-04 00:28:24,902 [Worker-52] INFO  o.e.m.c.i.embedder.EclipseLogger - Copying 1 resource
2017-05-04 00:28:24,906 [Worker-52] INFO  o.e.m.c.i.embedder.EclipseLogger - Copying 3 resources
2017-05-04 00:28:24,910 [Worker-52] INFO  o.e.m.c.i.embedder.EclipseLogger - Using 'UTF-8' encoding to copy filtered resources.
2017-05-04 00:28:24,910 [Worker-52] INFO  o.e.m.c.i.embedder.EclipseLogger - skip non existing resourceDirectory C:\workspace\weather-application\src\test\resources
2017-05-04 00:28:53,297 [Worker-51] INFO  o.e.m.c.i.embedder.EclipseLogger - Using 'UTF-8' encoding to copy filtered resources.
2017-05-04 00:28:53,298 [Worker-51] INFO  o.e.m.c.i.embedder.EclipseLogger - Copying 1 resource
2017-05-04 00:28:53,301 [Worker-51] INFO  o.e.m.c.i.embedder.EclipseLogger - Copying 3 resources
2017-05-04 00:28:53,303 [Worker-51] INFO  o.e.m.c.i.embedder.EclipseLogger - Using 'UTF-8' encoding to copy filtered resources.
2017-05-04 00:28:53,305 [Worker-51] INFO  o.e.m.c.i.embedder.EclipseLogger - skip non existing resourceDirectory C:\workspace\weather-application\src\test\resources
2017-05-04 00:29:15,647 [Worker-45] INFO  o.e.m.c.i.embedder.EclipseLogger - Using 'UTF-8' encoding to copy filtered resources.
2017-05-04 00:29:15,650 [Worker-45] INFO  o.e.m.c.i.embedder.EclipseLogger - Copying 1 resource
2017-05-04 00:29:15,654 [Worker-45] INFO  o.e.m.c.i.embedder.EclipseLogger - Copying 3 resources
2017-05-04 00:29:15,658 [Worker-45] INFO  o.e.m.c.i.embedder.EclipseLogger - Using 'UTF-8' encoding to copy filtered resources.
2017-05-04 00:29:15,658 [Worker-45] INFO  o.e.m.c.i.embedder.EclipseLogger - skip non existing resourceDirectory C:\workspace\weather-application\src\test\resources
2017-05-04 00:29:47,315 [Worker-53] INFO  o.e.m.c.i.embedder.EclipseLogger - Using 'UTF-8' encoding to copy filtered resources.
2017-05-04 00:29:47,316 [Worker-53] INFO  o.e.m.c.i.embedder.EclipseLogger - Copying 1 resource
2017-05-04 00:29:47,321 [Worker-53] INFO  o.e.m.c.i.embedder.EclipseLogger - Copying 3 resources
2017-05-04 00:29:47,325 [Worker-53] INFO  o.e.m.c.i.embedder.EclipseLogger - Using 'UTF-8' encoding to copy filtered resources.
2017-05-04 00:29:47,327 [Worker-53] INFO  o.e.m.c.i.embedder.EclipseLogger - skip non existing resourceDirectory C:\workspace\weather-application\src\test\resources
2017-05-04 00:32:35,852 [Worker-56] INFO  o.e.m.c.i.embedder.EclipseLogger - Using 'UTF-8' encoding to copy filtered resources.
2017-05-04 00:32:35,855 [Worker-56] INFO  o.e.m.c.i.embedder.EclipseLogger - Copying 1 resource
2017-05-04 00:32:35,860 [Worker-56] INFO  o.e.m.c.i.embedder.EclipseLogger - Copying 3 resources
2017-05-04 00:32:35,864 [Worker-56] INFO  o.e.m.c.i.embedder.EclipseLogger - Using 'UTF-8' encoding to copy filtered resources.
2017-05-04 00:32:35,865 [Worker-56] INFO  o.e.m.c.i.embedder.EclipseLogger - skip non existing resourceDirectory C:\workspace\weather-application\src\test\resources
2017-05-04 00:33:17,622 [Worker-54] INFO  o.e.m.c.i.embedder.EclipseLogger - Using 'UTF-8' encoding to copy filtered resources.
2017-05-04 00:33:17,624 [Worker-54] INFO  o.e.m.c.i.embedder.EclipseLogger - Copying 1 resource
2017-05-04 00:33:17,627 [Worker-54] INFO  o.e.m.c.i.embedder.EclipseLogger - Copying 3 resources
2017-05-04 00:33:17,629 [Worker-54] INFO  o.e.m.c.i.embedder.EclipseLogger - Using 'UTF-8' encoding to copy filtered resources.
2017-05-04 00:33:17,629 [Worker-54] INFO  o.e.m.c.i.embedder.EclipseLogger - skip non existing resourceDirectory C:\workspace\weather-application\src\test\resources
2017-05-04 00:57:35,152 [Worker-61] INFO  o.e.m.c.i.embedder.EclipseLogger - Using 'UTF-8' encoding to copy filtered resources.
2017-05-04 00:57:35,154 [Worker-61] INFO  o.e.m.c.i.embedder.EclipseLogger - Copying 1 resource
2017-05-04 00:57:35,157 [Worker-61] INFO  o.e.m.c.i.embedder.EclipseLogger - Copying 3 resources
2017-05-04 00:57:35,161 [Worker-61] INFO  o.e.m.c.i.embedder.EclipseLogger - Using 'UTF-8' encoding to copy filtered resources.
2017-05-04 00:57:35,161 [Worker-61] INFO  o.e.m.c.i.embedder.EclipseLogger - skip non existing resourceDirectory C:\workspace\weather-application\src\test\resources
